[LOG] System::create                           : Header version = 2.02.15. Current version = 2.02.15.
[LOG] Manager::init                            : maxchannels = 256 studioflags = 00000006 flags 00000000 extradriverdata 0000000000000000.
[LOG] SystemI::init                            : Initialize version=20215 (134211), maxchannels=256, flags=0x00020000
[LOG] SystemI::setOutputInternal               : Setting output to 'FMOD WASAPI Output'
[LOG] OutputWASAPI::init                       : Mix Format (WAVEFORMATEX): wFormatTag=0xFFFE, nChannels=2, nSamplesPerSec=48000, nAvgBytesPerSec=384000, nBlockAlign=8, wBitsPerSample=32, cbSize=22.
[LOG] OutputWASAPI::init                       : Mix Format (WAVEFORMATEXTENSIBLE): wValidBitsPerSample=32, dwChannelMask=0x00000003, SubFormat=00000003-0000-0010-8000-00AA00389B71.
[LOG] OutputWASAPI::init                       : Output buffer size: 4096 samples, latency: 0.00ms, period: 10.00ms, DSP buffer: 1024 * 4
[LOG] Thread::initThread                       : Init FMOD stream thread. Affinity: 0x4000000000000003, Priority: 0xFFFF7FFB, Stack Size: 98304, Semaphore: No, Sleep Time: 10, Looping: Yes.
[LOG] Thread::initThread                       : Init FMOD mixer thread. Affinity: 0x4000000000000001, Priority: 0xFFFF7FFA, Stack Size: 81920, Semaphore: No, Sleep Time: 0, Looping: Yes.
[LOG] AsyncManager::init                       : manager 0000029E85A962A8 isAsync 0 updatePeriod 0.02
[LOG] AsyncManager::init                       : done
[LOG] PlaybackSystem::init                     : 
[LOG] Thread::initThread                       : Init FMOD Studio sample load thread. Affinity: 0x4000000000000003, Priority: 0xFFFF7FFD, Stack Size: 98304, Semaphore: No, Sleep Time: 1, Looping: No.
[LOG] PlaybackSystem::init                     : done
[LOG] Thread::initThread                       : Init FMOD Studio bank load thread. Affinity: 0x4000000000000003, Priority: 0xFFFF7FFD, Stack Size: 98304, Semaphore: No, Sleep Time: 1, Looping: No.
[LOG] Manager::init                            : done.
[LOG] Manager::readBank                        : fileversion = 135, compatVersion = 132 (oldest = 44, newest = 142)
[LOG] Manager::readBank                        : fileversion = 135, compatVersion = 132 (oldest = 44, newest = 142)
[LOG] PlaybackSystem::acquireMasterBus         : Setting master channel group format to 6
[LOG] Manager::readBank                        : fileversion = 135, compatVersion = 132 (oldest = 44, newest = 142)
[LOG] SystemI::createSound                     : filename = Assets/Fmodbanksetupsounds/Fmodsoundsforgame/Build/Desktop/HorrosoundsMazeVR.bank : mode 02010082
[LOG] SystemI::createSound                     : FMOD_NONBLOCKING specified.  Putting into queue to be opened asynchronously!
[LOG] Thread::initThread                       : Init FMOD nonblocking thread (0). Affinity: 0x4000000000000003, Priority: 0xFFFF7FFC, Stack Size: 114688, Semaphore: Yes, Sleep Time: 0, Looping: Yes.
[LOG] AsyncThread::add                         : add sound to async queue : soundi = 0000029E74C87CC8, queue head = 0000029E78890608, queue count = 0
[LOG] AsyncThread::threadFunc                  : Starting Asynchronous operation on sound 0000029E74C87CC8
[LOG] SystemI::createSoundInternal             :     Create name='Assets/Fmodbanksetupsounds/Fmodsoundsforgame/Build/Desktop/HorrosoundsMazeVR.bank', mode=0x02010082
[LOG] SystemI::createSoundInternal             :     exinfo->cbsize             = 224
[LOG] SystemI::createSoundInternal             :     exinfo->length             = 3033184
[LOG] SystemI::createSoundInternal             :     exinfo->fileoffset         = 8096
[LOG] SystemI::createSoundInternal             :     exinfo->numsubsounds       = 1
[LOG] SystemI::createSoundInternal             :     exinfo->inclusionlist      = 0000029E7303AC10
[LOG] SystemI::createSoundInternal             :     exinfo->inclusionlistnum   = 1
[LOG] SystemI::createSoundInternal             :     exinfo->suggestedsoundtype = 5
[LOG] SystemI::createSoundInternal             :     exinfo->initialseekpostype = 1
[LOG] SystemI::createSoundInternal             :     Stream 0/1: name='howling-wind-109590', format=5, channels=2, frequency=48000, lengthbytes=325184, lengthpcm=1299017, pcmblocksize=0, loopstart=0, loopend=0, mode=0x00000000, channelmask=0x00000000, channelorder=0, peakvolume=0.501129.
[LOG] Thread::initThread                       :     Init FMOD file thread. Affinity: 0x4000000000000003, Priority: 0xFFFF7FFC, Stack Size: 65536, Semaphore: No, Sleep Time: 10, Looping: Yes.
[LOG] AsyncThread::threadFunc                  : Finished Asynchronous operation on sound 0000029E74C87CC8
[LOG] SystemI::createSound                     : filename = Assets/Fmodbanksetupsounds/Fmodsoundsforgame/Build/Desktop/HorrosoundsMazeVR.bank : mode 02010082
[LOG] SystemI::createSound                     : FMOD_NONBLOCKING specified.  Putting into queue to be opened asynchronously!
[LOG] AsyncThread::add                         : add sound to async queue : soundi = 0000029E74C877B8, queue head = 0000029E78890608, queue count = 0
[LOG] AsyncThread::threadFunc                  : Starting Asynchronous operation on sound 0000029E74C877B8
[LOG] SystemI::createSoundInternal             :     Create name='Assets/Fmodbanksetupsounds/Fmodsoundsforgame/Build/Desktop/HorrosoundsMazeVR.bank', mode=0x02010082
[LOG] SystemI::createSoundInternal             :     exinfo->cbsize             = 224
[LOG] SystemI::createSoundInternal             :     exinfo->length             = 3033184
[LOG] SystemI::createSoundInternal             :     exinfo->fileoffset         = 8096
[LOG] SystemI::createSoundInternal             :     exinfo->numsubsounds       = 1
[LOG] SystemI::createSoundInternal             :     exinfo->inclusionlist      = 0000029E7303AD50
[LOG] SystemI::createSoundInternal             :     exinfo->inclusionlistnum   = 1
[LOG] SystemI::createSoundInternal             :     exinfo->suggestedsoundtype = 5
[LOG] SystemI::createSoundInternal             :     exinfo->initialseekpostype = 1
[LOG] SystemI::createSoundInternal             :     Stream 0/1: name='howling-wind-109590', format=5, channels=2, frequency=48000, lengthbytes=325184, lengthpcm=1299017, pcmblocksize=0, loopstart=0, loopend=0, mode=0x00000000, channelmask=0x00000000, channelorder=0, peakvolume=0.501129.
[LOG] AsyncThread::threadFunc                  : Finished Asynchronous operation on sound 0000029E74C877B8
[LOG] SoundI::release                          : howling-wind-109590 (0000029E74C87CC8)
[LOG] SoundI::release                          :     howling-wind-109590 (0000029E6B0E9228)
[LOG] SoundI::release                          :     howling-wind-109590 (0000029E72F4A738)
[LOG] SoundI::release                          : howling-wind-109590 (0000029E74C877B8)
[LOG] SoundI::release                          :     howling-wind-109590 (0000029E6B0E9088)
[LOG] SoundI::release                          :     howling-wind-109590 (0000029E72F4A8E8)
[LOG] Manager::readBank                        : fileversion = 135, compatVersion = 132 (oldest = 44, newest = 142)
[LOG] Manager::readBank                        : fileversion = 135, compatVersion = 132 (oldest = 44, newest = 142)
[LOG] PlaybackSystem::acquireMasterBus         : Setting master channel group format to 6
[LOG] Manager::readBank                        : fileversion = 135, compatVersion = 132 (oldest = 44, newest = 142)
[LOG] Manager::readBank                        : fileversion = 135, compatVersion = 132 (oldest = 44, newest = 142)
[LOG] Manager::readBank                        : fileversion = 135, compatVersion = 132 (oldest = 44, newest = 142)
[LOG] PlaybackSystem::acquireMasterBus         : Setting master channel group format to 6
[LOG] Manager::readBank                        : fileversion = 135, compatVersion = 132 (oldest = 44, newest = 142)
[LOG] SystemI::createSound                     : filename = Assets/Fmodbanksetupsounds/Fmodsoundsforgame/Build/Desktop/HorrosoundsMazeVR.bank : mode 02010082
[LOG] SystemI::createSound                     : FMOD_NONBLOCKING specified.  Putting into queue to be opened asynchronously!
[LOG] AsyncThread::add                         : add sound to async queue : soundi = 0000029DC356EC68, queue head = 0000029E78890608, queue count = 0
[LOG] AsyncThread::threadFunc                  : Starting Asynchronous operation on sound 0000029DC356EC68
[LOG] SystemI::createSoundInternal             :     Create name='Assets/Fmodbanksetupsounds/Fmodsoundsforgame/Build/Desktop/HorrosoundsMazeVR.bank', mode=0x02010082
[LOG] SystemI::createSoundInternal             :     exinfo->cbsize             = 224
[LOG] SystemI::createSoundInternal             :     exinfo->length             = 3033184
[LOG] SystemI::createSoundInternal             :     exinfo->fileoffset         = 8096
[LOG] SystemI::createSoundInternal             :     exinfo->numsubsounds       = 1
[LOG] SystemI::createSoundInternal             :     exinfo->inclusionlist      = 0000029DC9797280
[LOG] SystemI::createSoundInternal             :     exinfo->inclusionlistnum   = 1
[LOG] SystemI::createSoundInternal             :     exinfo->suggestedsoundtype = 5
[LOG] SystemI::createSoundInternal             :     exinfo->initialseekpostype = 1
[LOG] SystemI::createSoundInternal             :     Stream 0/1: name='howling-wind-109590', format=5, channels=2, frequency=48000, lengthbytes=325184, lengthpcm=1299017, pcmblocksize=0, loopstart=0, loopend=0, mode=0x00000000, channelmask=0x00000000, channelorder=0, peakvolume=0.501129.
[LOG] AsyncThread::threadFunc                  : Finished Asynchronous operation on sound 0000029DC356EC68
[LOG] SystemI::createSound                     : filename = Assets/Fmodbanksetupsounds/Fmodsoundsforgame/Build/Desktop/HorrosoundsMazeVR.bank : mode 02010082
[LOG] SystemI::createSound                     : FMOD_NONBLOCKING specified.  Putting into queue to be opened asynchronously!
[LOG] AsyncThread::add                         : add sound to async queue : soundi = 0000029DC356E5A8, queue head = 0000029E78890608, queue count = 0
[LOG] AsyncThread::threadFunc                  : Starting Asynchronous operation on sound 0000029DC356E5A8
[LOG] SystemI::createSoundInternal             :     Create name='Assets/Fmodbanksetupsounds/Fmodsoundsforgame/Build/Desktop/HorrosoundsMazeVR.bank', mode=0x02010082
[LOG] SystemI::createSoundInternal             :     exinfo->cbsize             = 224
[LOG] SystemI::createSoundInternal             :     exinfo->length             = 3033184
[LOG] SystemI::createSoundInternal             :     exinfo->fileoffset         = 8096
[LOG] SystemI::createSoundInternal             :     exinfo->numsubsounds       = 1
[LOG] SystemI::createSoundInternal             :     exinfo->inclusionlist      = 0000029DC9797500
[LOG] SystemI::createSoundInternal             :     exinfo->inclusionlistnum   = 1
[LOG] SystemI::createSoundInternal             :     exinfo->suggestedsoundtype = 5
[LOG] SystemI::createSoundInternal             :     exinfo->initialseekpostype = 1
[LOG] SystemI::createSoundInternal             :     Stream 0/1: name='howling-wind-109590', format=5, channels=2, frequency=48000, lengthbytes=325184, lengthpcm=1299017, pcmblocksize=0, loopstart=0, loopend=0, mode=0x00000000, channelmask=0x00000000, channelorder=0, peakvolume=0.501129.
[LOG] AsyncThread::threadFunc                  : Finished Asynchronous operation on sound 0000029DC356E5A8
[LOG] SoundI::release                          : howling-wind-109590 (0000029DC356EC68)
[LOG] SoundI::release                          :     howling-wind-109590 (0000029E6B0E9D88)
[LOG] SoundI::release                          :     howling-wind-109590 (0000029E72F4A8E8)
[LOG] SoundI::release                          : howling-wind-109590 (0000029DC356E5A8)
[LOG] SoundI::release                          :     howling-wind-109590 (0000029E6B0E9708)
[LOG] SoundI::release                          :     howling-wind-109590 (0000029E72F4AA98)
[LOG] Thread::callback                         : FMOD Studio bank load thread finished.
[LOG] Thread::callback                         : FMOD Studio sample load thread finished.
[LOG] LiveUpdate::release                      : 
[LOG] LiveUpdate::reset                        : Reset connection (reason Disconnected)
[LOG] Thread::callback                         : FMOD stream thread finished.
[LOG] Thread::callback                         : FMOD mixer thread finished.
[LOG] SystemI::close                           : Closed.
[LOG] Thread::callback                         : FMOD nonblocking thread (0) finished.
[LOG] Thread::callback                         : FMOD file thread finished.
